Arguments: 
  /usr/local/bin/node /usr/local/Cellar/yarn/1.6.0/libexec/bin/yarn.js add -D parcel-builder

PATH: 
  /usr/local/sbin:/usr/local/bin:/Users/rafaelyepesgarcia/.opam/4.02.3/bin:~/Library/Android/sdk/platform-tools:/opt/mvn/bin:/opt/local/bin:/opt/local/sbin:/opt/local/bin:/opt/local/sbin:/Users/rafaelyepesgarcia/.rvm/gems/ruby-2.5.1/bin:/Users/rafaelyepesgarcia/.rvm/gems/ruby-2.5.1@global/bin:/Users/rafaelyepesgarcia/.rvm/rubies/ruby-2.5.1/bin:/Users/rafaelyepesgarcia/.rvm/bin:/Users/rafaelyepesgarcia/frontend/frontend/node_modules/.bin:/Users/rafaelyepesgarcia/.config/yarn/link/node_modules/.bin:/Users/rafaelyepesgarcia/frontend/frontend/node_modules/.bin:/Users/rafaelyepesgarcia/.config/yarn/link/node_modules/.bin:/Users/rafaelyepesgarcia/.npm-packages/bin:/usr/local/lib/node_modules/npm/bin/node-gyp-bin:/usr/local/bin/node_modules/npm/bin/node-gyp-bin:/usr/local/lib/node_modules/npm/bin/node-gyp-bin:/Users/rafaelyepesgarcia/frontend/frontend/node_modules/.bin:/Applications/SourceTree.app/Contents/Resources/git_local/libexec/git-core:/Applications/SourceTree.app/Contents/Resources/git_local/libexec/git-core:/Applications/SourceTree.app/Contents/Resources/bin:/Applications/SourceTree.app/Contents/Resources/git_local/bin:/Applications/SourceTree.app/Contents/Resources/git_local/gitflow:/Applications/SourceTree.app/Contents/Resources/git_local/git-lfs:/usr/bin:/bin:/usr/sbin:/sbin:../Cellar/gnupg/2.2.1/bin:/usr/local/bin:/usr/local:/Users/rafaelyepesgarcia/bin:/Users/rafaelyepesgarcia/.rvm/bin

Yarn version: 
  1.6.0

Node version: 
  8.12.0

Platform: 
  darwin x64

Trace: 
  Error: https://registry.yarnpkg.com/parcel-builder: Not found
      at Request.params.callback [as _callback] (/usr/local/Cellar/yarn/1.6.0/libexec/lib/cli.js:65327:18)
      at Request.self.callback (/usr/local/Cellar/yarn/1.6.0/libexec/lib/cli.js:133155:22)
      at emitTwo (events.js:126:13)
      at Request.emit (events.js:214:7)
      at Request.<anonymous> (/usr/local/Cellar/yarn/1.6.0/libexec/lib/cli.js:134138:10)
      at emitOne (events.js:116:13)
      at Request.emit (events.js:211:7)
      at IncomingMessage.<anonymous> (/usr/local/Cellar/yarn/1.6.0/libexec/lib/cli.js:134058:12)
      at Object.onceWrapper (events.js:313:30)
      at emitNone (events.js:111:20)

npm manifest: 
  {
    "name": "ts-hotpanel-example",
    "version": "1.0.0",
    "main": "index.js",
    "license": "MIT"
  }

yarn manifest: 
  No manifest

Lockfile: 
  No lockfile
